No.1 Clique to appear:  frozenset({'thinkB329', 'kib_9194', 'wenever940221', 'kangseulgihk', 'film903roll', 'Baidu_SeulgiBar', 'always0329', '_mamass_', 'redvelvetba', 'fairyfloss0305', 'aseul940210', 'itspring_0329', 'wendyS2peter', 'babypink329', 'wondrous329', 'Tongue210', 'maplesyrup0221', 'SSWAN0221', 'Baeby329', 'starblanket_91', 'B329_91', 'iridescencekr', '94irreplaceable', 'IreneBar_', 'CheriSEUL0210', 'baechubot', 'sensible_k', 'Cyan_Wan', 'tangerine_bear', 'RVSeulgi_Trans', 'engm_kr', '_gomdabang', 'DC_SEULGI', 'WNCJOY', 'TEDDYBEAR_SG', 'kangseulgi_com'})
Current color: b

No.2 Clique to appear:  frozenset({'ineffablevoice', 'itspring_0329', 'backhug305', 'Pumpkin960903'})
Current color: g
The node itspring_0329 has been in clique No.1

No.3 Clique to appear:  frozenset({'wenever940221', 'BaiduWendybar_', 'thesmurf_94', 'HelloWendy0221', 'redvelvetba', 'IreneCastle0329', '19940221com', 'wendyS2peter', 'rosarugosa0221', 'ineffablevoice', 'maplesyrup0221', 'SSWAN0221', 'Pumpkin960903', 'iridescencekr', 'Cyan_Wan', 'macaron_960903', 'engm_kr', 'fadein94', 'Fascination0221', 'Wendy_B612'})
Current color: r
The node wenever940221 has been in clique No.1
The node redvelvetba has been in clique No.1
The node wendyS2peter has been in clique No.1
The node maplesyrup0221 has been in clique No.1
The node SSWAN0221 has been in clique No.1
The node iridescencekr has been in clique No.1
The node Cyan_Wan has been in clique No.1
The node engm_kr has been in clique No.1
The node ineffablevoice has been in clique No.2
The node Pumpkin960903 has been in clique No.2

No.4 Clique to appear:  frozenset({'iridescencekr', 'ssg0210', 'kangseulgihk', 'sangkeumseulgi'})
Current color: c
The node iridescencekr has been in clique No.1
The node kangseulgihk has been in clique No.1
The node iridescencekr has been in clique No.3

No.5 Clique to appear:  frozenset({'yerikame', 'kimyerim_net', 'yeri_china', 'fairyfloss0305', 'kimyerim_bar'})
Current color: m
The node fairyfloss0305 has been in clique No.1

No.6 Clique to appear:  frozenset({'PEACH__FIzz', 'nle_o', '19990305_net', 'Fascination0221'})
Current color: y
The node Fascination0221 has been in clique No.3

No.7 Clique to appear:  frozenset({'DC_SEULGI', 'Baidu_SeulgiBar', '94021021com', 'Cyan_Wan'})
Current color: k
The node DC_SEULGI has been in clique No.1
The node Baidu_SeulgiBar has been in clique No.1
The node Cyan_Wan has been in clique No.1
The node Cyan_Wan has been in clique No.3